<?xml version="1.0" encoding="UTF-8"?>
<!-- Generated by org.testng.reporters.JUnitReportReporter -->
<testsuite hostname="sdc" name="com.ZhiHu.autotest.testCase.PeggyTestDemo" tests="1" failures="0" timestamp="13 Feb 2017 03:35:17 GMT" time="3.290" errors="0">
  <testcase name="signIn" time="3.290" classname="com.ZhiHu.autotest.testCase.PeggyTestDemo"/>
</testsuite> <!-- com.ZhiHu.autotest.testCase.PeggyTestDemo -->
