<?xml version="1.0" encoding="UTF-8"?>
<!-- Generated by org.testng.reporters.JUnitReportReporter -->
<testsuite hostname="sdc" name="com.ZhiHu.autotest.testCase.Something" tests="1" failures="0" timestamp="19 May 2017 05:56:56 GMT" time="0.001" errors="0">
  <testcase name="SignIn" time="0.001" classname="com.ZhiHu.autotest.testCase.Something"/>
</testsuite> <!-- com.ZhiHu.autotest.testCase.Something -->
