<?xml version="1.0" encoding="UTF-8"?>
<!-- Generated by org.testng.reporters.JUnitReportReporter -->
<testsuite hostname="sdc" name="com.ZhiHu.autotest.testCase.ClickSignInLabel" tests="1" failures="0" timestamp="9 Feb 2017 05:56:51 GMT" time="0.010" errors="0">
  <testcase name="signIn" time="0.010" classname="com.ZhiHu.autotest.testCase.ClickSignInLabel"/>
</testsuite> <!-- com.ZhiHu.autotest.testCase.ClickSignInLabel -->
