<?xml version="1.0" encoding="UTF-8"?>
<!-- Generated by org.testng.reporters.JUnitReportReporter -->
<testsuite hostname="sdc" name="com.ZhiHu.autotest.testCase.CtripTestDemo" tests="1" failures="0" timestamp="11 Apr 2017 08:46:46 GMT" time="47.605" errors="0">
  <testcase name="signIn" time="47.605" classname="com.ZhiHu.autotest.testCase.CtripTestDemo"/>
</testsuite> <!-- com.ZhiHu.autotest.testCase.CtripTestDemo -->
