<?xml version="1.0" encoding="UTF-8"?>
<!-- Generated by org.testng.reporters.JUnitReportReporter -->
<testsuite hostname="sdc" name="com.ZhiHu.autotest.testCase.AndroidPhoneActions" tests="1" failures="0" timestamp="12 Apr 2017 07:14:09 GMT" time="12.393" errors="0">
  <testcase name="androidActions" time="12.393" classname="com.ZhiHu.autotest.testCase.AndroidPhoneActions"/>
</testsuite> <!-- com.ZhiHu.autotest.testCase.AndroidPhoneActions -->
